2.89459410e+01   6.85090257e-01  -1.92755850e-01
3.01732389e+01   1.47700121e+00  -2.11462722e-01
2.90766225e+01  -6.41407647e+00  -9.75878511e-01
2.76586580e+01   7.27522039e+00   2.88375489e-01
2.92329164e+01  -2.87160258e-01   1.65647862e-02
2.97260798e+01   1.43721795e+00  -7.32166779e-02
3.03330202e+01   4.76550128e+00   6.78391388e-02
2.93301327e+01   2.28280194e+00   6.03588752e-01
3.06318161e+01   2.67990636e-01  -1.37979975e-01
2.92616676e+01  -7.75058909e+00  -5.54732844e-02
3.01700590e+01   1.64590724e-01  -1.64698470e-01
2.99643591e+01   7.53603993e-01  -1.73591171e-01
2.82802612e+01   4.78816060e+00   6.65276499e-01
2.91884778e+01  -4.02720824e+00  -3.00333296e-01
2.61312490e+01   1.01765456e+01   5.97666973e-01
2.92786710e+01  -3.51265861e+00  -4.66464180e-01
3.04749837e+01  -2.47876284e+00   3.49739962e-02
2.63750783e+01   1.18537865e+01   3.18862850e-01
3.00890393e+01   1.84457585e+00   1.97510453e-01
2.95013061e+01   3.32361616e-01  -1.65466568e-01
2.80143893e+01   7.68790052e+00   7.31178262e-01
2.69225051e+01   7.67423583e+00   3.46054571e-01
2.68375539e+01   9.64790456e+00   6.19938467e-01
2.89708690e+01  -5.21087536e+00  -6.03973526e-01
2.70025271e+01  -7.87188338e+00  -4.27360615e-01
2.90759696e+01  -5.04763131e+00  -3.99098807e-01
3.06356880e+01   2.28890845e+00   1.27841366e-01
3.03566286e+01   3.75362536e+00   5.81172599e-01
2.99239633e+01   2.53367872e+00   7.84590799e-02
2.96137261e+01  -4.83187016e+00  -2.03548762e-01
2.63677638e+01   1.22062504e+01   5.18780032e-01
2.97843290e+01   5.53402677e+00   3.24813801e-01
2.97463818e+01  -4.68054179e+00  -7.28268797e-01
2.99868301e+01   2.46558273e-01  -4.34363664e-01
2.92544380e+01  -3.92320833e+00  -4.57665631e-01
2.69201383e+01   9.83212061e+00   5.28430868e-01
2.84182870e+01   6.54181106e+00   5.40431309e-01
2.99977167e+01   2.76566687e+00   8.72814865e-01
2.95570731e+01   4.08420269e+00   4.38559152e-01
2.78410828e+01   7.39240000e+00   4.65304178e-01
2.92242168e+01  -2.87552012e-01  -3.64511216e-01
3.00788015e+01  -3.13875753e+00  -3.34282865e-02
2.83914953e+01  -6.10602346e+00  -1.07280627e-01
2.92554428e+01  -3.72331755e+00  -6.36830641e-01
2.96789473e+01   1.28342640e+00   2.03180846e-02
2.86510183e+01   6.93090533e+00   1.58186958e-01
2.93497903e+01  -4.53054918e+00  -4.65987739e-01
2.85180557e+01   8.13896867e+00  -8.02311743e-02
3.03009813e+01  -3.61232539e+00  -2.83194036e-01
2.71043462e+01  -8.86077881e+00  -7.23954531e-01
3.00608665e+01  -1.66972401e+00  -5.31798313e-01
2.98319365e+01  -5.71768704e-01  -7.70945255e-02
2.95760965e+01   4.69006433e+00   6.68518546e-01
2.96529338e+01   2.01511513e+00  -3.29413595e-01
2.72097501e+01  -1.02814865e+01  -4.28713276e-01
2.97485220e+01  -1.39170262e+00  -6.32628494e-01
2.94182738e+01  -1.80905621e+00  -5.03874033e-01
2.87426642e+01  -6.50972825e+00  -2.51742449e-01
1.56177298e+01  -1.77957641e+01  -1.21216983e+00
2.97741952e+01   4.98439124e+00   4.10300674e-01
2.92526125e+01   3.71209235e+00  -5.39866494e-02
2.93438584e+01   2.04795202e+00   4.14381614e-01
2.94968156e+01   3.23801544e+00  -2.64193558e-01
3.01308042e+01   3.06042872e+00  -5.13040877e-02
2.80683799e+01   7.86654783e+00   4.20755918e-01
2.81604896e+01  -8.24089796e+00  -7.29103049e-01
2.96194353e+01  -7.37403678e-01   4.58511884e-01
2.97907812e+01   2.74564195e+00   2.94716331e-01
3.01662725e+01  -1.81269930e+00  -3.19094483e-01
2.66283304e+01  -8.73761400e+00  -1.08843907e+00
2.91106342e+01  -3.47351978e+00  -2.65886594e-01
2.76518346e+01  -1.06726613e+01  -1.55147883e-01
3.07432083e+01  -3.29353920e+00  -1.21437653e-01
2.92674685e+01  -2.07746410e+00  -2.22924527e-01
2.91094025e+01   5.31857072e+00   5.05114095e-02
2.89188470e+01  -3.78383462e+00  -9.35282795e-01
3.02468097e+01  -4.07418161e+00   7.36985162e-01
2.99860676e+01   4.11892291e+00   5.95211172e-01
2.98457550e+01  -4.98029071e+00  -8.83026193e-01
2.44537367e+01  -1.01062490e+01  -1.09549945e+00
2.82221747e+01  -9.17694337e+00  -9.63098764e-01
2.88534883e+01  -3.39468305e+00   1.22283889e-01
3.00574499e+01   7.92195825e-01   4.06492241e-01
2.95762034e+01  -1.62898381e+00   2.71801214e-02
2.61503549e+01  -9.04789177e+00  -4.91128779e-01
2.86623650e+01  -6.43746632e+00  -2.18888143e-01
2.90801266e+01  -5.38670347e+00  -5.09073346e-01
2.94044474e+01  -7.25933942e-01  -2.29601435e-01
2.82694168e+01  -6.86435688e+00  -4.73325557e-01
2.62393662e+01  -1.17192761e+01  -6.63501803e-01
2.86506540e+01  -4.96779728e+00  -3.11550231e-01
2.93111316e+01   5.51845976e+00   4.98783984e-01
2.93998517e+01  -1.72872759e+00   3.09903281e-01
3.01976769e+01  -2.58426797e-01  -2.92598999e-01
2.86398137e+01   5.18174761e+00   5.32898769e-01
2.93421322e+01   3.07763034e+00  -3.58111659e-01
2.78329356e+01  -1.00236077e+01  -3.68276957e-01
2.86930707e+01  -5.73066365e+00  -2.75352372e-01
2.83359462e+01  -5.38494290e+00  -5.13097833e-01
2.79366475e+01   7.94099414e+00   6.44561760e-01
