2.23634542e+01   1.02216217e+01   9.02270037e+01
4.25636875e+01   1.85964774e+01   8.94167953e+01
4.56726260e+01   1.67445789e+00   8.84524131e+01
1.99581934e+01   2.00366053e+01   9.04932573e+01
3.48399718e+01   1.94293419e+01   8.98967060e+01
2.69359115e+01   1.59033096e+01   8.97761310e+01
2.91352125e+01   2.12369964e+01   9.00796820e+01
2.54628019e+01   2.33124268e+01   8.97838863e+01
4.32883759e+01   1.79568111e+01   8.93023778e+01
2.94774721e+01   8.72917420e+00   9.05636812e+01
2.22746745e+01   8.10016289e+00   9.07970764e+01
4.21386283e+01   1.89397574e+01   8.88947044e+01
1.61794403e+01   1.26920685e+01   9.08683992e+01
5.51516084e+01   4.91951317e+00   8.84105943e+01
1.86125833e+01   4.88972525e+00   9.15217870e+01
5.17350792e+01   6.73108228e+00   8.91026590e+01
2.20039273e+01   4.82201178e+00   9.06134701e+01
1.99921246e+01   2.73946701e+01   9.04371774e+01
2.79888440e+01   1.92556737e+01   8.95419558e+01
2.38441135e+01   1.23057122e+01   9.08340126e+01
1.85494276e+01   2.48501634e+01   9.08868980e+01
2.22323377e+01   2.63133494e+01   8.96714505e+01
1.64006065e+01   2.45841855e+01   9.06867585e+01
3.58417148e+01   9.37530567e+00   8.94274888e+01
2.14940199e+01   1.94805516e+00   9.05752309e+01
4.01123969e+01   1.08155953e+01   8.93948778e+01
3.65389918e+01   2.36625835e+01   9.05961941e+01
2.20699207e+01   1.92612000e+01   9.08496217e+01
3.65629217e+01   2.13347966e+01   9.02892324e+01
2.99744773e+01   9.86329140e+00   9.00545481e+01
2.02532162e+01   2.99206538e+01   9.10835330e+01
3.32028617e+01   2.69764906e+01   8.97186670e+01
5.31462713e+01   6.94723111e-01   8.91804057e+01
3.75295293e+01   1.55232378e+01   8.95285503e+01
3.39920907e+01   1.10767351e+01   8.92369296e+01
2.20238905e+01   2.77175640e+01   9.02965572e+01
2.08675516e+01   2.24330402e+01   9.02883808e+01
1.81664663e+01   1.75049465e+01   9.03494471e+01
2.38662399e+01   2.22044393e+01   9.03155722e+01
1.60897675e+01   1.47950383e+01   9.07458836e+01
2.93633013e+01   1.35984014e+01   9.03323040e+01
3.02756859e+01   1.34690072e+01   9.03108901e+01
3.78787797e+01   1.29049821e+01   8.98978038e+01
3.44244160e+01   9.74047826e+00   8.98352965e+01
3.57215686e+01   2.13674605e+01   8.95736292e+01
2.08671334e+01   1.84540688e+01   9.05449337e+01
2.73137016e+01   9.33135423e+00   9.00722256e+01
4.53601154e+01   2.60038921e+01   8.97947341e+01
3.99986277e+01   1.29956612e+01   8.97274510e+01
2.46259572e+01   1.43535296e+00   9.03612194e+01
5.09586523e+01   8.18148878e+00   8.83612725e+01
3.38617835e+01   1.80765553e+01   8.96049219e+01
2.15379748e+01   2.31643305e+01   9.01677863e+01
5.29933773e+01   1.30634961e+01   8.91259372e+01
4.34020918e+01   4.64868548e+00   8.94173709e+01
2.83465146e+01   8.81917095e+00   8.99187842e+01
2.26472525e+01   4.72658420e+00   9.10464957e+01
3.82367217e+01   1.15577472e+01   8.92198525e+01
2.52364004e+01  -7.88451375e+00   8.90083472e+01
2.42617271e+01   2.24517861e+01   9.02350237e+01
4.74032397e+01   2.07756107e+01   8.87678756e+01
2.12097294e+01   1.52560498e+01   9.03035588e+01
3.65677343e+01   2.02618787e+01   9.00516408e+01
3.74916090e+01   2.23569125e+01   8.95899216e+01
2.57035800e+01   2.86072152e+01   9.06029606e+01
4.38420507e+01   3.10167177e+00   8.91891498e+01
2.03476756e+01  -3.27425400e+00   9.11821352e+01
2.60734781e+01   1.99279634e+01   9.07319588e+01
3.91654891e+01   1.48053413e+01   8.93669609e+01
4.38045254e+01  -2.08073018e+00   8.88505299e+01
3.69532748e+01   1.30530976e+01   8.97916782e+01
2.94593747e+01   6.56080328e+00   8.99496447e+01
2.56232081e+01   9.10602136e+00   8.99121315e+01
2.65076988e+01   1.02065532e+01   9.02489582e+01
3.23334746e+01   2.44438144e+01   8.93511984e+01
4.19819605e+01   8.32841929e+00   8.92436961e+01
1.99266857e+01   1.01560150e+01   9.11300528e+01
1.93108244e+01   1.30674459e+01   9.12591647e+01
4.88104266e+01   3.77133147e+00   8.88674252e+01
3.69009212e+01   2.76091964e-02   8.86183030e+01
4.55680012e+01  -1.41282073e+00   8.90348747e+01
2.35499908e+01   1.11863999e+01   9.01451073e+01
3.55859817e+01   2.42012807e+01   8.97614006e+01
3.68311299e+01   1.76224300e+01   8.94411333e+01
3.08039174e+01   4.60425684e+00   8.98932175e+01
3.96979544e+01   1.17722905e+01   8.88088908e+01
4.91479389e+01   6.61821613e+00   8.82624836e+01
4.30297845e+01   1.71004736e+01   8.90464039e+01
2.36588354e+01   2.79654174e+00   9.01776044e+01
3.58778800e+01   1.89163430e+00   8.96696940e+01
3.57269779e+01   1.15799468e+01   8.99752274e+01
1.92760548e+01   6.67774202e+00   9.17620299e+01
3.77244147e+01   2.11205381e+01   8.94300984e+01
3.06992542e+01   1.36301379e+01   9.00210316e+01
3.00295589e+01   2.89736460e+01   8.93337021e+01
4.78977024e+01   1.66390466e+01   8.84191283e+01
2.92835651e+01   5.09723295e+00   8.94265393e+01
4.21739186e+01   9.63006522e+00   8.91002504e+01
2.94112296e+01   7.92186111e+00   8.98393240e+01
1.95581255e+01   2.50479609e+01   9.00326154e+01
