 9.61336071e+00   0.00000000e+00  -1.68048411e-01
 1.04227675e+01   0.00000000e+00   4.56066636e-03
 1.00167400e+01   0.00000000e+00  -1.04553625e-01
 9.56741745e+00   0.00000000e+00   2.22661224e-01
 9.78298880e+00   0.00000000e+00  -8.64590763e-02
 1.00290269e+01   0.00000000e+00   6.43418180e-03
 1.02552626e+01   0.00000000e+00   2.32994019e-01
 1.01248115e+01   0.00000000e+00  -4.36941772e-02
 9.88597051e+00   0.00000000e+00   7.23987629e-02
 9.57979499e+00   0.00000000e+00  -2.83277230e-01
 9.93612091e+00   0.00000000e+00   1.61068679e-02
 1.00870718e+01   0.00000000e+00  -5.88468231e-02
 9.59071599e+00   0.00000000e+00   1.13194470e-01
 1.00301960e+01   0.00000000e+00  -1.91559667e-01
 9.72777786e+00   0.00000000e+00   4.30590419e-01
 9.83191933e+00   0.00000000e+00  -1.11503713e-01
 9.77417111e+00   0.00000000e+00  -3.27975994e-02
 9.93564604e+00   0.00000000e+00   5.47797798e-01
 9.87056355e+00   0.00000000e+00   1.33996448e-01
 9.88685117e+00   0.00000000e+00  -2.04625557e-01
 1.01947741e+01   0.00000000e+00   2.20381264e-01
 9.65822862e+00   0.00000000e+00   1.59042744e-01
 1.00660348e+01   0.00000000e+00   2.86361994e-01
 1.01947434e+01   0.00000000e+00  -6.00553465e-02
 9.89676444e+00   0.00000000e+00  -2.04376044e-01
 9.69764394e+00   0.00000000e+00  -4.07452696e-01
 9.71671706e+00   0.00000000e+00   8.53581867e-02
 1.01467433e+01   0.00000000e+00   8.49444104e-02
 1.01522888e+01   0.00000000e+00   2.01254510e-01
 9.73623425e+00   0.00000000e+00  -2.75440574e-01
 9.92469357e+00   0.00000000e+00   5.32887570e-01
 1.04181420e+01   0.00000000e+00   3.27925110e-01
 9.99824266e+00   0.00000000e+00  -1.65784026e-01
 1.01231383e+01   0.00000000e+00  -1.13866398e-01
 9.34125400e+00   0.00000000e+00  -1.07651363e-01
 9.53367366e+00   0.00000000e+00   3.84354603e-01
 1.02268185e+01   0.00000000e+00   3.82197070e-02
 1.00877319e+01   0.00000000e+00   1.01111559e-01
 9.98495901e+00   0.00000000e+00   2.97804181e-01
 9.47997113e+00   0.00000000e+00   5.55665130e-01
 9.83076451e+00   0.00000000e+00   8.48068822e-02
 1.00779363e+01   0.00000000e+00  -2.43915879e-01
 9.85602149e+00   0.00000000e+00  -9.14529732e-02
 9.89907049e+00   0.00000000e+00  -2.19586665e-01
 1.02878004e+01   0.00000000e+00   2.54402363e-01
 1.03350465e+01   0.00000000e+00   1.81433898e-01
 9.50019391e+00   0.00000000e+00  -2.72193384e-01
 1.04513435e+01   0.00000000e+00   4.93283539e-01
 1.04351948e+01   0.00000000e+00  -9.32427382e-02
 1.00335392e+01   0.00000000e+00  -2.50089500e-01
 1.00180069e+01   0.00000000e+00  -1.89697874e-01
 9.71744516e+00   0.00000000e+00  -3.60663673e-02
 1.00786622e+01   0.00000000e+00   1.00681451e-01
 1.02802053e+01   0.00000000e+00   2.80789808e-01
 1.00762011e+01   0.00000000e+00  -5.04151765e-01
 1.04400049e+01   0.00000000e+00   1.16098624e-01
 9.47280117e+00   0.00000000e+00   3.19460260e-02
 9.98450461e+00   0.00000000e+00  -3.03508769e-01
 1.00392206e+01   0.00000000e+00  -1.04750899e+00
 1.06702379e+01   0.00000000e+00   2.13856045e-01
 9.87889978e+00   0.00000000e+00   3.78131742e-01
 9.91864429e+00   0.00000000e+00   5.07246345e-02
 9.90447913e+00   0.00000000e+00   2.47004821e-01
 1.01671812e+01   0.00000000e+00   2.74091445e-01
 9.86258188e+00   0.00000000e+00   3.01990726e-01
 1.02633651e+01   0.00000000e+00  -1.52968102e-01
 9.98329376e+00   0.00000000e+00   2.17388258e-02
 9.41041113e+00   0.00000000e+00   7.12854442e-03
 9.82010549e+00   0.00000000e+00  -1.60947968e-01
 9.96171815e+00   0.00000000e+00  -1.61948091e-01
 9.44202804e+00   0.00000000e+00  -1.60138300e-01
 1.03387223e+01   0.00000000e+00  -5.80954330e-01
 1.01705983e+01   0.00000000e+00  -1.82274632e-01
 1.00264185e+01   0.00000000e+00   1.95358906e-01
 9.54788787e+00   0.00000000e+00   3.23633238e-01
 1.01979685e+01   0.00000000e+00   5.88362314e-02
 1.00864664e+01   0.00000000e+00  -2.82685669e-01
 1.02896556e+01   0.00000000e+00   1.74844053e-01
 1.01395163e+01   0.00000000e+00  -1.43390432e-01
 9.30302498e+00   0.00000000e+00  -1.81289755e-01
 1.00842962e+01   0.00000000e+00  -4.25171440e-01
 9.70913328e+00   0.00000000e+00  -3.35946889e-01
 1.02483102e+01   0.00000000e+00   4.05216199e-02
 9.92010531e+00   0.00000000e+00  -1.87184848e-01
 9.93162028e+00   0.00000000e+00  -1.56355596e-01
 1.03491616e+01   0.00000000e+00  -2.62077489e-01
 9.97846483e+00   0.00000000e+00  -1.08612447e-01
 9.66729160e+00   0.00000000e+00   1.27513180e-01
 9.78948977e+00   0.00000000e+00  -1.58026613e-01
 1.00890819e+01   0.00000000e+00  -6.00240491e-01
 9.99638699e+00   0.00000000e+00  -2.45638205e-01
 9.85904735e+00   0.00000000e+00   2.34105673e-01
 1.05671952e+01   0.00000000e+00  -2.41124826e-02
 9.98665376e+00   0.00000000e+00   3.37541127e-02
 1.00278019e+01   0.00000000e+00   2.21851207e-01
 9.75662462e+00   0.00000000e+00   3.40068471e-01
 1.01373614e+01   0.00000000e+00  -5.20117520e-01
 9.52300006e+00   0.00000000e+00  -2.92996497e-01
 1.01234934e+01   0.00000000e+00  -2.61754625e-02
 9.84697118e+00   0.00000000e+00   2.88537721e-01
