3.88387715e+01  -1.24578390e+00   5.17900929e-02
4.03230023e+01  -7.01869754e-01  -4.40354187e-01
3.46906522e+01  -1.47102423e+01  -1.02078478e+00
3.68975944e+01   1.00158998e+01   5.46801568e-01
3.88806895e+01  -1.27332340e-01  -3.60453954e-01
3.98582804e+01   6.94043435e-01   8.72373996e-02
4.05926330e+01   5.46257424e+00   4.15582522e-01
3.75987403e+01   7.98333084e+00   4.91030838e-01
4.10138984e+01  -1.17368958e+00  -6.74213733e-01
3.95258776e+01  -8.32056331e+00  -2.58515266e-01
3.99258221e+01  -1.45685602e+00   4.10872110e-01
3.98997149e+01  -9.88621327e-01  -3.96680233e-01
3.61064294e+01   1.09285290e+01   7.56127037e-01
3.89700559e+01  -7.05657742e+00  -6.39813132e-01
3.44648752e+01   1.58493889e+01   1.22272907e+00
3.81041506e+01  -7.95651430e+00  -9.76745070e-01
4.00481771e+01  -2.14381343e+00  -8.41286248e-02
3.57318609e+01   1.49427210e+01   3.60668813e-01
3.95348082e+01   3.73485831e+00  -9.59357295e-02
3.91434415e+01  -1.27781140e+00  -1.61225595e-01
3.53011219e+01   1.42244033e+01   6.08184636e-01
3.68167919e+01   1.12417571e+01   4.60673869e-01
3.46502674e+01   1.52247453e+01   8.08231382e-01
3.71338576e+01  -1.08432236e+01  -6.99876474e-01
3.59199387e+01  -1.19331432e+01   8.70059516e-02
3.83757504e+01  -8.96964032e+00  -5.33326379e-01
4.04886155e+01   3.55542744e+00  -9.85186148e-03
3.91430241e+01   9.52493118e+00   4.09724536e-01
3.97056292e+01   3.30271790e+00  -3.72774821e-01
3.89124622e+01  -6.75119713e+00  -2.96402378e-01
3.48809075e+01   1.70667707e+01   2.24012184e-01
3.89981895e+01   8.63670612e+00   6.77151017e-02
3.69045313e+01  -1.10642129e+01  -7.80113547e-01
3.94537045e+01  -4.14524912e+00  -3.36045883e-01
3.83955807e+01  -8.42563006e+00  -3.15616812e-01
3.55490508e+01   1.48697758e+01   6.05207403e-01
3.68734249e+01   1.16150296e+01   7.48601694e-01
3.60748822e+01   1.00103609e+01   1.04805832e+00
3.83428548e+01   8.20492346e+00   5.69499993e-01
3.63723297e+01   1.16757039e+01   9.56538566e-01
3.88003521e+01  -3.94144142e+00  -1.81701580e-01
3.99868512e+01  -3.47009008e+00  -9.29008450e-02
3.79722640e+01  -7.13781571e+00  -6.59543320e-01
3.69638759e+01  -9.42469913e+00  -1.15940198e+00
4.00748868e+01   1.49468105e+00  -2.14547332e-02
3.83827191e+01   8.48330375e+00   2.36925192e-01
3.81750459e+01  -8.96902257e+00  -2.57139595e-02
3.86715182e+01   7.32259201e+00  -5.05139090e-01
4.00342861e+01  -6.44486949e+00   9.55904204e-02
3.44981595e+01  -1.53975666e+01  -6.40157548e-01
3.88177818e+01  -6.82172587e+00  -3.12574224e-01
3.98852090e+01  -1.34836016e+00   1.78527403e-01
3.74541891e+01   1.09125417e+01   1.72356171e-01
3.88761644e+01  -1.13802883e+00  -3.79748353e-01
3.59149869e+01  -1.42603419e+01  -8.47736057e-01
3.78222759e+01  -7.31096149e+00  -4.58990329e-01
3.78357446e+01  -6.44997321e+00   3.28259250e-02
3.85019022e+01  -9.01979261e+00  -2.23490382e-01
1.92022747e+01  -2.73587441e+01  -1.05389744e+00
3.91019832e+01   9.04187384e+00   1.38396399e-01
3.92493240e+01   3.17187847e+00  -1.79805755e-01
3.86979658e+01   6.16236081e+00   4.05139863e-01
3.92877909e+01   5.89391066e-01  -2.29276782e-01
4.00196584e+01   2.55264449e+00   1.27320757e-01
3.74343775e+01   1.20576400e+01   1.86430684e-01
3.55441046e+01  -1.48367073e+01  -7.17178716e-01
3.86509371e+01   3.72051608e+00   1.00309762e+00
3.97243608e+01   5.76104346e+00   7.44668698e-01
3.96205475e+01  -4.93624756e+00  -5.45559727e-01
3.13632865e+01  -1.77805083e+01  -1.04209861e+00
3.89899845e+01  -6.16400943e+00  -2.15108608e-01
3.72440833e+01  -1.21729354e+01  -1.61949729e-02
4.05672207e+01  -4.49244347e+00  -1.80818429e-01
3.94316714e+01  -4.38160970e+00  -4.13710810e-01
3.92879876e+01   5.83314310e+00  -1.68510476e-01
3.48134675e+01  -1.17755274e+01  -7.63873719e-01
3.73989458e+01   2.41692751e+00   5.29282556e-01
3.87201204e+01   1.00330078e+01   5.81470080e-01
3.59835130e+01  -1.24508379e+01  -5.26136419e-01
2.88221946e+01  -1.85945004e+01  -8.26311671e-01
3.36660785e+01  -1.70042987e+01  -8.72668893e-01
3.92846718e+01  -2.11272111e+00  -1.11460509e-01
3.92775406e+01   4.76114193e+00   9.17012329e-02
3.93090763e+01  -1.36437798e+00   2.67557398e-02
3.46668886e+01  -1.36028656e+01  -2.49699792e-01
3.82293867e+01  -8.56567186e+00  -3.62732650e-01
3.81959058e+01  -1.04746096e+01  -1.12145793e+00
3.90653074e+01  -2.98389901e+00  -2.32632635e-01
3.71210088e+01  -1.13977585e+01  -8.01552069e-01
3.42974484e+01  -1.80185312e+01  -1.16484158e+00
3.79658121e+01  -7.96762894e+00  -3.20505014e-01
3.80063377e+01   1.02549525e+01   6.01886806e-01
3.87991534e+01   1.28112493e+00  -3.64077044e-01
3.94973722e+01  -3.05991751e+00   1.15614946e-01
3.74036709e+01   1.03508245e+01   3.56994550e-02
3.87787723e+01  -4.54018054e-01  -6.33216061e-01
3.67050675e+01  -1.34472057e+01  -2.59320192e-01
3.80586851e+01  -8.37672206e+00  -6.90277769e-01
3.71069282e+01  -1.03268025e+01  -2.73975846e-01
3.63080985e+01   1.42334671e+01   7.50546070e-01
