30.38516851   4.11884921  90.45582127
42.41204873   9.1942324   89.51926409
39.43067472  -6.16024599  88.86266179
27.51411446  13.21688685  90.37195591
37.45599357   9.78582661  89.80028824
33.8519514    8.86575712  90.31208068
35.50832702  14.10969639  90.26498292
30.73982418  14.99660463  90.10084653
42.88255039   8.04326885  89.49447699
36.88913925   1.77087434  90.35232797
31.56512431   4.35828951  90.72329873
39.91337011   9.32134225  89.3080367 
26.20595902  12.83298743  91.12024065
46.69061643  -1.16142123  88.58776218
26.45084685  10.51477883  91.72865418
45.85486738  -1.16248048  88.89513732
31.87836278   2.75446655  90.89978516
28.7950823   22.38505501  90.5888107 
34.82593697  12.29902227  90.31212142
32.27894528   6.43380168  90.49804937
27.54062663  20.80085864  90.68303107
29.30556603  18.75650275  90.28774437
26.17339595  20.68101698  90.7262053 
34.58819973  -0.90693778  89.41407859
28.82563493  -4.95730665  90.35071972
40.3484151    0.86223465  89.5590986 
37.70188686  13.42461768  89.64849242
29.68510613  12.60374207  90.38779066
40.8760242   12.94245478  90.01012251
33.4205863    0.93971488  89.90392695
28.60572179  24.60272228  90.53922763
35.61121241  17.77109637  89.79127911
45.05065023  -5.00350458  88.5779098 
38.44098586   5.24572218  89.62384374
35.13489238   0.68030693  89.64487361
27.41391122  19.60888918  90.12204625
27.81844492  15.27457006  90.30607786
27.61977326  14.77648699  90.82519845
31.06889096  15.7581266   90.37614579
26.36741876  13.7343483   91.0033475 
34.76209892   5.60996343  90.12970783
32.69810237   3.64723723  89.77720206
38.84885576   2.94388665  89.63247097
37.29633448   0.51957747  89.83732544
37.13709781  11.28668196  89.67489713
30.52943263  14.90340948  90.75402927
32.04947235  -0.41937687  89.98751971
43.27103407  16.17383331  89.32598637
39.66226386   3.56010973  89.49975715
31.59497559  -5.76278504  90.30461761
42.5322458    2.2474474   88.57814666
35.62475624   7.87729409  89.70655232
29.75564711  17.92313842  90.53843945
45.32181801   6.42215407  88.67813816
40.57433373  -5.4369746   89.26203503
36.27186345   2.85487662  90.46104996
31.74921733   1.94383452  90.809481  
38.28747516   0.97742209  89.54018755
22.66793957 -18.17075694  89.29069563
30.5645783   14.81044813  90.22509312
40.63021625  13.43597966  88.79011981
29.91868333  10.72745795  90.62667347
37.34604074  10.68186508  89.61645531
37.54483761  12.09614781  89.54057817
31.41192235  20.16288614  90.12982501
41.03670656  -6.57957095  89.25334438
29.42043945   0.47045064  91.49762875
34.31877543  14.4430049   90.51918473
38.34239677   4.70319294  89.45409325
37.3815365   -9.20682412  88.80183914
35.43261383   3.50970384  89.37737726
33.42971481  -2.74309269  89.93873374
32.81982012   2.21752165  90.34266033
34.30958721   4.10626665  90.44258125
34.75829111  14.73320436  89.7800944 
38.94752336  -1.59824916  89.23872611
29.50543689   8.5841211   90.94353449
29.13123572  12.50865549  91.04934732
43.16329195  -5.03560269  88.96521626
32.82903857  -9.06672739  89.11441914
39.6769985   -9.42598966  88.90145161
31.43405887   4.25716484  90.38515755
36.24313006  14.25448693  89.60136111
36.00756199   7.82939833  89.45149071
35.87192974  -3.91608389  90.07198768
38.74195578   1.49139343  89.4426694 
43.36777088  -1.77165739  88.93212219
39.05857301   7.34885107  89.14866195
31.13231667  -3.534881    90.4033293 
35.74834911  -7.93894659  89.52221507
36.37865867   1.43054803  89.59951142
28.38761651  10.32052113  91.4865187 
36.63416827  10.99076755  89.42817539
34.61819503   4.83093173  89.95439121
34.12134637  20.0470418   89.96519245
41.96964442   8.55779822  88.90249622
33.38256607  -3.76332909  89.96868293
43.52056755  -0.43003352  89.66845999
33.850577    -0.86522199  90.00319982
26.98045599  18.1902344   90.36030614
