38.83877153  -1.2457839   90.540716  
40.32300225  -0.70186975  89.32734713
34.69065221 -14.71024227  89.02918411
36.8975944   10.01589977  90.77743583
38.88068952  -0.12733234  89.67813088
39.85828037   0.69404343  90.1692319 
40.59263295   5.46257424  90.06692252
37.59874025   7.98333084  90.30966212
41.01389838  -1.17368958  89.33536124
39.52587764  -8.32056331  89.79096167
39.92582214  -1.45685602  90.49846493
39.89971487  -0.98862133  89.53406616
36.10642935  10.92852903  90.91614784
38.97005594  -7.05657742  88.61672116
34.46487518  15.84938892  91.69349162
38.10415059  -7.9565143   88.68431194
40.04817713  -2.14381343  90.5660923 
35.73186089  14.94272098  90.28564425
39.53480818   3.73485831  90.03810662
39.1434415   -1.2778114   90.26273729
35.3011219   14.22440331  90.40318839
36.81679188  11.2417571   90.32055454
34.65026736  15.22474534  90.53427754
37.13385758 -10.84322361  89.78619426
35.91993866 -11.9331432   90.32920835
38.37575042  -8.96964032  89.33738002
40.48861551   3.55542744  89.81059243
39.14302407   9.52493118  90.79147817
39.70562916   3.3027179   89.41456841
38.91246216  -6.75119713  90.15549953
34.8809075   17.06677065  90.22975492
38.99818952   8.63670612  89.89046876
36.90453129 -11.06421286  88.604244  
39.45370449  -4.14524912  89.64281509
38.39558071  -8.42563006  89.8792488 
35.54905079  14.86977579  90.57869828
36.87342489  11.61502956  90.72211093
36.07488215  10.01036085  90.59288807
38.34285476   8.20492346  90.30195806
36.37232975  11.6757039   90.90325587
38.80035206  -3.94144142  89.9353892 
39.98685118  -3.47009008  90.33268748
37.972264    -7.13781571  89.44865997
36.96387587  -9.42469913  89.50197092
40.07488677   1.49468105  89.8268651 
38.38271914   8.48330375  90.42086264
38.17504588  -8.96902257  90.15708566
38.67151819   7.32259201  89.0561497 
40.0342861   -6.44486949  89.57255721
34.49815951 -15.39756658  89.82806099
38.81778183  -6.82172587  89.14666132
39.88520902  -1.34836016  89.96801807
37.45418908  10.91254175  90.36752466
38.87616442  -1.13802883  88.82940119
35.91498688 -14.26034192  89.04954078
37.82227587  -7.31096149  89.6867364 
37.83574456  -6.44997321  90.1627782 
38.5019022   -9.01979261  89.55683602
19.20227472 -27.35874406  89.17469677
39.10198317   9.04187384  90.51196863
39.24932399   3.17187847  89.40165751
38.69796584   6.16236081  90.6266793 
39.28779095   0.58939107  89.72546394
40.01965844   2.55264449  89.78912159
37.4343775   12.05763997  90.17441711
35.54410464 -14.83670734  88.94840789
38.65093705   3.72051608  91.44473207
39.72436084   5.76104346  90.09227853
39.62054753  -4.93624756  89.66721758
31.36328645 -17.78050831  88.92336085
38.98998454  -6.16400943  89.88777753
37.24408327 -12.17293536  89.91977002
40.56722066  -4.49244347  90.39242426
39.43167136  -4.3816097   90.07834952
39.28798762   5.8331431   90.0061735 
34.81346748 -11.77552743  89.14954704
37.39894582   2.41692751  90.4429533 
38.72012045  10.03300782  90.85352544
35.98351302 -12.45083786  88.76612371
28.82219464 -18.59450037  89.13730064
33.66607853 -17.00429873  88.86482558
39.28467183  -2.11272111  90.42454113
39.27754059   4.76114193  89.84476294
39.30907628  -1.36437798  89.88015205
34.66688856 -13.60286561  89.41162588
38.22938667  -8.56567186  89.48446862
38.19590575 -10.4746096   88.99919827
39.06530745  -2.98389901  89.53604238
37.12100878 -11.39775851  90.18630062
34.29744838 -18.01853118  89.39242813
37.96581206  -7.96762894  89.70269093
38.00633774  10.25495252  91.09937029
38.79915335   1.28112493  89.75477461
39.49737223  -3.05991751  90.08918176
37.40367087  10.3508245   89.86179829
38.77877225  -0.45401805  89.19508883
36.70506754 -13.44720572  89.8659019 
38.05868511  -8.37672206  88.93322856
37.10692818 -10.32680254  89.8668584 
36.30809846  14.23346712  90.7049958 
