1.93893468e+01  -1.65848038e+00   2.40484932e-01
2.04127650e+01   4.55613614e-02   1.45618719e-01
2.04855232e+01  -1.09855510e+00  -5.54073679e-01
1.91672256e+01   2.17354433e+00   5.41009561e-01
1.99178968e+01  -8.78444716e-01   6.33914100e-02
1.96685573e+01   6.20233475e-02   1.35890257e-01
1.99984872e+01   2.31210372e+00   2.33083253e-01
1.95759474e+01  -4.13222611e-01   2.69664240e-01
2.03530246e+01   7.59128574e-01  -4.77453675e-02
1.96518646e+01  -2.93203891e+00  -4.64783195e-01
2.03333247e+01   1.67480872e-01  -2.93811733e-04
2.01491855e+01  -5.92807871e-01   1.36325722e-01
1.93119781e+01   1.10511710e+00   3.89674365e-01
1.97217628e+01  -1.87955997e+00  -2.23087054e-01
1.90532575e+01   4.28352686e+00   6.94295575e-01
1.98244318e+01  -1.11884297e+00  -2.47988378e-01
2.02659649e+01  -3.44229086e-01  -2.06113904e-01
1.86209816e+01   5.29874331e+00   7.01797132e-01
1.99620097e+01   1.36036954e+00   4.77768750e-02
1.99105032e+01  -2.08021068e+00   2.46437525e-01
1.96171566e+01   2.11080009e+00   5.86264741e-01
1.91048223e+01   1.51520931e+00   6.67277733e-01
1.95590980e+01   2.79528080e+00   7.55272842e-01
2.02162220e+01  -6.02567961e-01  -4.84531459e-01
1.91401716e+01  -1.91588074e+00  -6.48305546e-01
1.85067869e+01  -3.80207936e+00  -1.17306462e-01
2.05475223e+01   9.26749764e-01   1.34213681e-01
2.06016590e+01   8.90228848e-01   2.85512412e-01
1.98804221e+01   1.98469901e+00   5.46056367e-02
1.97945415e+01  -2.84272226e+00  -1.99872891e-01
1.89244929e+01   5.30810384e+00   7.47405959e-01
2.00372118e+01   3.27248630e+00   2.27987446e-01
2.03014746e+01  -1.72393402e+00  -3.03374244e-01
2.02039815e+01  -1.15285610e+00   1.42083834e-01
1.96257865e+01  -1.11144069e+00  -2.84120554e-01
1.84605541e+01   3.61066288e+00   6.34112883e-01
2.08540444e+01   4.06367348e-01   6.81479584e-01
1.98103737e+01   9.86435378e-01   1.72907193e-01
1.91456591e+01   2.81171148e+00   1.21617609e-01
1.78055084e+01   5.16955176e+00   2.17977616e-01
1.98628738e+01   8.52837487e-01  -1.21221723e-01
2.00588515e+01  -2.48396125e+00  -6.52564687e-02
1.96848616e+01  -9.01391028e-01  -5.38783935e-01
1.94195637e+01  -2.12483563e+00  -1.61106917e-01
2.01447862e+01   2.56317731e+00  -1.33430421e-01
2.02134930e+01   1.81221379e+00   5.45300649e-01
1.92572569e+01  -2.72340080e+00  -1.77180308e-01
1.90744948e+01   4.63592063e+00   3.55211462e-01
2.06031186e+01  -9.50842256e-01  -2.67845669e-01
1.97065224e+01  -2.47084031e+00  -7.12427961e-01
1.98129034e+01  -1.88068434e+00   2.05826801e-02
1.98314780e+01  -3.64934669e-01  -2.06795067e-02
2.02420546e+01   1.02673670e+00   3.73997837e-01
1.99018617e+01   2.77497843e+00  -7.77689664e-02
1.88865015e+01  -4.86069222e+00  -5.77276964e-01
2.02665876e+01   1.14600633e+00  -2.61507346e-01
1.94741754e+01   3.19612897e-01  -2.10880923e-01
1.94239245e+01  -2.95628435e+00  -3.64302014e-01
1.48700176e+01  -8.37320712e+00  -1.49160884e+00
2.06907672e+01   2.17622852e+00   2.99832113e-01
1.92435316e+01   3.72008156e+00  -7.98195291e-04
1.99475026e+01   5.09146922e-01   1.62325241e-01
1.97240263e+01   2.47603700e+00   7.78119676e-02
1.98816785e+01   2.73140561e+00   3.20915327e-02
1.97798659e+01   3.08942056e+00   5.22852078e-01
2.01805398e+01  -1.52895551e+00  -6.99304902e-01
1.99084445e+01   2.15795117e-01  -9.78432707e-02
1.95468719e+01   7.22594346e-02   2.55279118e-01
2.00703143e+01  -1.66414463e+00  -1.47132097e-02
1.97837676e+01  -1.60471581e+00  -8.06023835e-01
1.88960172e+01  -1.52702124e+00  -1.88302486e-01
1.91167309e+01  -5.76305468e+00  -5.22003495e-01
2.05329596e+01  -1.90999518e+00  -1.34685067e-01
2.01188516e+01   1.99711831e+00  -4.19002686e-01
1.90691117e+01   3.19367099e+00   2.08559793e-01
2.01009656e+01   5.83328284e-01  -4.59850148e-01
2.01943608e+01  -2.93598269e+00  -1.12745864e-01
2.01337622e+01   1.73893977e+00   2.37025274e-01
2.03127879e+01  -1.46883041e+00  -3.52927075e-01
1.89618595e+01  -1.77048664e+00  -9.88236498e-01
1.93218988e+01  -4.18269153e+00  -5.11351557e-01
1.89280454e+01  -3.21908839e+00  -1.76895231e-02
2.02927286e+01   4.07239023e-01   3.94028198e-02
1.96540226e+01  -1.84362470e+00   2.16290573e-02
1.95810286e+01  -1.52115517e+00  -8.53214414e-01
1.94988655e+01  -2.45438320e+00  -4.10031235e-01
2.00757322e+01  -1.10102179e+00  -4.44226805e-01
1.96066709e+01   1.27431599e+00  -2.01386060e-01
1.97068271e+01  -1.58038049e+00  -5.52898432e-01
1.82036123e+01  -5.55431425e+00  -6.54413168e-01
1.91493866e+01  -2.29466505e+00  -2.74255305e-01
1.95616457e+01   2.31385927e+00   3.17569634e-01
2.02658754e+01  -2.33904592e-01  -1.62217210e-01
2.00977218e+01   3.41419804e-01  -5.93213338e-02
1.94551970e+01   2.12648101e+00   3.21135806e-01
1.93282557e+01   3.38657629e+00  -3.08420003e-02
1.88281648e+01  -4.97737857e+00  -5.10789021e-01
1.91333810e+01  -2.89925061e+00  -2.87950855e-01
1.99575097e+01  -2.57468727e-01  -5.49185139e-01
1.94174446e+01   2.84071734e+00   5.39448381e-01
