[[  9.61336071e+00   0.00000000e+00  -1.68048411e-01]
 [  1.04227675e+01   0.00000000e+00   4.56066636e-03]
 [  1.00167400e+01   0.00000000e+00  -1.04553625e-01]
 [  9.56741745e+00   0.00000000e+00   2.22661224e-01]
 [  9.78298880e+00   0.00000000e+00  -8.64590763e-02]
 [  1.00290269e+01   0.00000000e+00   6.43418180e-03]
 [  1.02552626e+01   0.00000000e+00   2.32994019e-01]
 [  1.01248115e+01   0.00000000e+00  -4.36941772e-02]
 [  9.88597051e+00   0.00000000e+00   7.23987629e-02]
 [  9.57979499e+00   0.00000000e+00  -2.83277230e-01]
 [  9.93612091e+00   0.00000000e+00   1.61068679e-02]
 [  1.00870718e+01   0.00000000e+00  -5.88468231e-02]
 [  9.59071599e+00   0.00000000e+00   1.13194470e-01]
 [  1.00301960e+01   0.00000000e+00  -1.91559667e-01]
 [  9.72777786e+00   0.00000000e+00   4.30590419e-01]
 [  9.83191933e+00   0.00000000e+00  -1.11503713e-01]
 [  9.77417111e+00   0.00000000e+00  -3.27975994e-02]
 [  9.93564604e+00   0.00000000e+00   5.47797798e-01]
 [  9.87056355e+00   0.00000000e+00   1.33996448e-01]
 [  9.88685117e+00   0.00000000e+00  -2.04625557e-01]
 [  1.01947741e+01   0.00000000e+00   2.20381264e-01]
 [  9.65822862e+00   0.00000000e+00   1.59042744e-01]
 [  1.00660348e+01   0.00000000e+00   2.86361994e-01]
 [  1.01947434e+01   0.00000000e+00  -6.00553465e-02]
 [  9.89676444e+00   0.00000000e+00  -2.04376044e-01]
 [  9.69764394e+00   0.00000000e+00  -4.07452696e-01]
 [  9.71671706e+00   0.00000000e+00   8.53581867e-02]
 [  1.01467433e+01   0.00000000e+00   8.49444104e-02]
 [  1.01522888e+01   0.00000000e+00   2.01254510e-01]
 [  9.73623425e+00   0.00000000e+00  -2.75440574e-01]
 [  9.92469357e+00   0.00000000e+00   5.32887570e-01]
 [  1.04181420e+01   0.00000000e+00   3.27925110e-01]
 [  9.99824266e+00   0.00000000e+00  -1.65784026e-01]
 [  1.01231383e+01   0.00000000e+00  -1.13866398e-01]
 [  9.34125400e+00   0.00000000e+00  -1.07651363e-01]
 [  9.53367366e+00   0.00000000e+00   3.84354603e-01]
 [  1.02268185e+01   0.00000000e+00   3.82197070e-02]
 [  1.00877319e+01   0.00000000e+00   1.01111559e-01]
 [  9.98495901e+00   0.00000000e+00   2.97804181e-01]
 [  9.47997113e+00   0.00000000e+00   5.55665130e-01]
 [  9.83076451e+00   0.00000000e+00   8.48068822e-02]
 [  1.00779363e+01   0.00000000e+00  -2.43915879e-01]
 [  9.85602149e+00   0.00000000e+00  -9.14529732e-02]
 [  9.89907049e+00   0.00000000e+00  -2.19586665e-01]
 [  1.02878004e+01   0.00000000e+00   2.54402363e-01]
 [  1.03350465e+01   0.00000000e+00   1.81433898e-01]
 [  9.50019391e+00   0.00000000e+00  -2.72193384e-01]
 [  1.04513435e+01   0.00000000e+00   4.93283539e-01]
 [  1.04351948e+01   0.00000000e+00  -9.32427382e-02]
 [  1.00335392e+01   0.00000000e+00  -2.50089500e-01]
 [  1.00180069e+01   0.00000000e+00  -1.89697874e-01]
 [  9.71744516e+00   0.00000000e+00  -3.60663673e-02]
 [  1.00786622e+01   0.00000000e+00   1.00681451e-01]
 [  1.02802053e+01   0.00000000e+00   2.80789808e-01]
 [  1.00762011e+01   0.00000000e+00  -5.04151765e-01]
 [  1.04400049e+01   0.00000000e+00   1.16098624e-01]
 [  9.47280117e+00   0.00000000e+00   3.19460260e-02]
 [  9.98450461e+00   0.00000000e+00  -3.03508769e-01]
 [  1.00392206e+01   0.00000000e+00  -1.04750899e+00]
 [  1.06702379e+01   0.00000000e+00   2.13856045e-01]
 [  9.87889978e+00   0.00000000e+00   3.78131742e-01]
 [  9.91864429e+00   0.00000000e+00   5.07246345e-02]
 [  9.90447913e+00   0.00000000e+00   2.47004821e-01]
 [  1.01671812e+01   0.00000000e+00   2.74091445e-01]
 [  9.86258188e+00   0.00000000e+00   3.01990726e-01]
 [  1.02633651e+01   0.00000000e+00  -1.52968102e-01]
 [  9.98329376e+00   0.00000000e+00   2.17388258e-02]
 [  9.41041113e+00   0.00000000e+00   7.12854442e-03]
 [  9.82010549e+00   0.00000000e+00  -1.60947968e-01]
 [  9.96171815e+00   0.00000000e+00  -1.61948091e-01]
 [  9.44202804e+00   0.00000000e+00  -1.60138300e-01]
 [  1.03387223e+01   0.00000000e+00  -5.80954330e-01]
 [  1.01705983e+01   0.00000000e+00  -1.82274632e-01]
 [  1.00264185e+01   0.00000000e+00   1.95358906e-01]
 [  9.54788787e+00   0.00000000e+00   3.23633238e-01]
 [  1.01979685e+01   0.00000000e+00   5.88362314e-02]
 [  1.00864664e+01   0.00000000e+00  -2.82685669e-01]
 [  1.02896556e+01   0.00000000e+00   1.74844053e-01]
 [  1.01395163e+01   0.00000000e+00  -1.43390432e-01]
 [  9.30302498e+00   0.00000000e+00  -1.81289755e-01]
 [  1.00842962e+01   0.00000000e+00  -4.25171440e-01]
 [  9.70913328e+00   0.00000000e+00  -3.35946889e-01]
 [  1.02483102e+01   0.00000000e+00   4.05216199e-02]
 [  9.92010531e+00   0.00000000e+00  -1.87184848e-01]
 [  9.93162028e+00   0.00000000e+00  -1.56355596e-01]
 [  1.03491616e+01   0.00000000e+00  -2.62077489e-01]
 [  9.97846483e+00   0.00000000e+00  -1.08612447e-01]
 [  9.66729160e+00   0.00000000e+00   1.27513180e-01]
 [  9.78948977e+00   0.00000000e+00  -1.58026613e-01]
 [  1.00890819e+01   0.00000000e+00  -6.00240491e-01]
 [  9.99638699e+00   0.00000000e+00  -2.45638205e-01]
 [  9.85904735e+00   0.00000000e+00   2.34105673e-01]
 [  1.05671952e+01   0.00000000e+00  -2.41124826e-02]
 [  9.98665376e+00   0.00000000e+00   3.37541127e-02]
 [  1.00278019e+01   0.00000000e+00   2.21851207e-01]
 [  9.75662462e+00   0.00000000e+00   3.40068471e-01]
 [  1.01373614e+01   0.00000000e+00  -5.20117520e-01]
 [  9.52300006e+00   0.00000000e+00  -2.92996497e-01]
 [  1.01234934e+01   0.00000000e+00  -2.61754625e-02]
 [  9.84697118e+00   0.00000000e+00   2.88537721e-01]]
[[  1.93893468e+01  -1.65848038e+00   2.40484932e-01]
 [  2.04127650e+01   4.55613614e-02   1.45618719e-01]
 [  2.04855232e+01  -1.09855510e+00  -5.54073679e-01]
 [  1.91672256e+01   2.17354433e+00   5.41009561e-01]
 [  1.99178968e+01  -8.78444716e-01   6.33914100e-02]
 [  1.96685573e+01   6.20233475e-02   1.35890257e-01]
 [  1.99984872e+01   2.31210372e+00   2.33083253e-01]
 [  1.95759474e+01  -4.13222611e-01   2.69664240e-01]
 [  2.03530246e+01   7.59128574e-01  -4.77453675e-02]
 [  1.96518646e+01  -2.93203891e+00  -4.64783195e-01]
 [  2.03333247e+01   1.67480872e-01  -2.93811733e-04]
 [  2.01491855e+01  -5.92807871e-01   1.36325722e-01]
 [  1.93119781e+01   1.10511710e+00   3.89674365e-01]
 [  1.97217628e+01  -1.87955997e+00  -2.23087054e-01]
 [  1.90532575e+01   4.28352686e+00   6.94295575e-01]
 [  1.98244318e+01  -1.11884297e+00  -2.47988378e-01]
 [  2.02659649e+01  -3.44229086e-01  -2.06113904e-01]
 [  1.86209816e+01   5.29874331e+00   7.01797132e-01]
 [  1.99620097e+01   1.36036954e+00   4.77768750e-02]
 [  1.99105032e+01  -2.08021068e+00   2.46437525e-01]
 [  1.96171566e+01   2.11080009e+00   5.86264741e-01]
 [  1.91048223e+01   1.51520931e+00   6.67277733e-01]
 [  1.95590980e+01   2.79528080e+00   7.55272842e-01]
 [  2.02162220e+01  -6.02567961e-01  -4.84531459e-01]
 [  1.91401716e+01  -1.91588074e+00  -6.48305546e-01]
 [  1.85067869e+01  -3.80207936e+00  -1.17306462e-01]
 [  2.05475223e+01   9.26749764e-01   1.34213681e-01]
 [  2.06016590e+01   8.90228848e-01   2.85512412e-01]
 [  1.98804221e+01   1.98469901e+00   5.46056367e-02]
 [  1.97945415e+01  -2.84272226e+00  -1.99872891e-01]
 [  1.89244929e+01   5.30810384e+00   7.47405959e-01]
 [  2.00372118e+01   3.27248630e+00   2.27987446e-01]
 [  2.03014746e+01  -1.72393402e+00  -3.03374244e-01]
 [  2.02039815e+01  -1.15285610e+00   1.42083834e-01]
 [  1.96257865e+01  -1.11144069e+00  -2.84120554e-01]
 [  1.84605541e+01   3.61066288e+00   6.34112883e-01]
 [  2.08540444e+01   4.06367348e-01   6.81479584e-01]
 [  1.98103737e+01   9.86435378e-01   1.72907193e-01]
 [  1.91456591e+01   2.81171148e+00   1.21617609e-01]
 [  1.78055084e+01   5.16955176e+00   2.17977616e-01]
 [  1.98628738e+01   8.52837487e-01  -1.21221723e-01]
 [  2.00588515e+01  -2.48396125e+00  -6.52564687e-02]
 [  1.96848616e+01  -9.01391028e-01  -5.38783935e-01]
 [  1.94195637e+01  -2.12483563e+00  -1.61106917e-01]
 [  2.01447862e+01   2.56317731e+00  -1.33430421e-01]
 [  2.02134930e+01   1.81221379e+00   5.45300649e-01]
 [  1.92572569e+01  -2.72340080e+00  -1.77180308e-01]
 [  1.90744948e+01   4.63592063e+00   3.55211462e-01]
 [  2.06031186e+01  -9.50842256e-01  -2.67845669e-01]
 [  1.97065224e+01  -2.47084031e+00  -7.12427961e-01]
 [  1.98129034e+01  -1.88068434e+00   2.05826801e-02]
 [  1.98314780e+01  -3.64934669e-01  -2.06795067e-02]
 [  2.02420546e+01   1.02673670e+00   3.73997837e-01]
 [  1.99018617e+01   2.77497843e+00  -7.77689664e-02]
 [  1.88865015e+01  -4.86069222e+00  -5.77276964e-01]
 [  2.02665876e+01   1.14600633e+00  -2.61507346e-01]
 [  1.94741754e+01   3.19612897e-01  -2.10880923e-01]
 [  1.94239245e+01  -2.95628435e+00  -3.64302014e-01]
 [  1.48700176e+01  -8.37320712e+00  -1.49160884e+00]
 [  2.06907672e+01   2.17622852e+00   2.99832113e-01]
 [  1.92435316e+01   3.72008156e+00  -7.98195291e-04]
 [  1.99475026e+01   5.09146922e-01   1.62325241e-01]
 [  1.97240263e+01   2.47603700e+00   7.78119676e-02]
 [  1.98816785e+01   2.73140561e+00   3.20915327e-02]
 [  1.97798659e+01   3.08942056e+00   5.22852078e-01]
 [  2.01805398e+01  -1.52895551e+00  -6.99304902e-01]
 [  1.99084445e+01   2.15795117e-01  -9.78432707e-02]
 [  1.95468719e+01   7.22594346e-02   2.55279118e-01]
 [  2.00703143e+01  -1.66414463e+00  -1.47132097e-02]
 [  1.97837676e+01  -1.60471581e+00  -8.06023835e-01]
 [  1.88960172e+01  -1.52702124e+00  -1.88302486e-01]
 [  1.91167309e+01  -5.76305468e+00  -5.22003495e-01]
 [  2.05329596e+01  -1.90999518e+00  -1.34685067e-01]
 [  2.01188516e+01   1.99711831e+00  -4.19002686e-01]
 [  1.90691117e+01   3.19367099e+00   2.08559793e-01]
 [  2.01009656e+01   5.83328284e-01  -4.59850148e-01]
 [  2.01943608e+01  -2.93598269e+00  -1.12745864e-01]
 [  2.01337622e+01   1.73893977e+00   2.37025274e-01]
 [  2.03127879e+01  -1.46883041e+00  -3.52927075e-01]
 [  1.89618595e+01  -1.77048664e+00  -9.88236498e-01]
 [  1.93218988e+01  -4.18269153e+00  -5.11351557e-01]
 [  1.89280454e+01  -3.21908839e+00  -1.76895231e-02]
 [  2.02927286e+01   4.07239023e-01   3.94028198e-02]
 [  1.96540226e+01  -1.84362470e+00   2.16290573e-02]
 [  1.95810286e+01  -1.52115517e+00  -8.53214414e-01]
 [  1.94988655e+01  -2.45438320e+00  -4.10031235e-01]
 [  2.00757322e+01  -1.10102179e+00  -4.44226805e-01]
 [  1.96066709e+01   1.27431599e+00  -2.01386060e-01]
 [  1.97068271e+01  -1.58038049e+00  -5.52898432e-01]
 [  1.82036123e+01  -5.55431425e+00  -6.54413168e-01]
 [  1.91493866e+01  -2.29466505e+00  -2.74255305e-01]
 [  1.95616457e+01   2.31385927e+00   3.17569634e-01]
 [  2.02658754e+01  -2.33904592e-01  -1.62217210e-01]
 [  2.00977218e+01   3.41419804e-01  -5.93213338e-02]
 [  1.94551970e+01   2.12648101e+00   3.21135806e-01]
 [  1.93282557e+01   3.38657629e+00  -3.08420003e-02]
 [  1.88281648e+01  -4.97737857e+00  -5.10789021e-01]
 [  1.91333810e+01  -2.89925061e+00  -2.87950855e-01]
 [  1.99575097e+01  -2.57468727e-01  -5.49185139e-01]
 [  1.94174446e+01   2.84071734e+00   5.39448381e-01]]
[[  2.89459410e+01   6.85090257e-01  -1.92755850e-01]
 [  3.01732389e+01   1.47700121e+00  -2.11462722e-01]
 [  2.90766225e+01  -6.41407647e+00  -9.75878511e-01]
 [  2.76586580e+01   7.27522039e+00   2.88375489e-01]
 [  2.92329164e+01  -2.87160258e-01   1.65647862e-02]
 [  2.97260798e+01   1.43721795e+00  -7.32166779e-02]
 [  3.03330202e+01   4.76550128e+00   6.78391388e-02]
 [  2.93301327e+01   2.28280194e+00   6.03588752e-01]
 [  3.06318161e+01   2.67990636e-01  -1.37979975e-01]
 [  2.92616676e+01  -7.75058909e+00  -5.54732844e-02]
 [  3.01700590e+01   1.64590724e-01  -1.64698470e-01]
 [  2.99643591e+01   7.53603993e-01  -1.73591171e-01]
 [  2.82802612e+01   4.78816060e+00   6.65276499e-01]
 [  2.91884778e+01  -4.02720824e+00  -3.00333296e-01]
 [  2.61312490e+01   1.01765456e+01   5.97666973e-01]
 [  2.92786710e+01  -3.51265861e+00  -4.66464180e-01]
 [  3.04749837e+01  -2.47876284e+00   3.49739962e-02]
 [  2.63750783e+01   1.18537865e+01   3.18862850e-01]
 [  3.00890393e+01   1.84457585e+00   1.97510453e-01]
 [  2.95013061e+01   3.32361616e-01  -1.65466568e-01]
 [  2.80143893e+01   7.68790052e+00   7.31178262e-01]
 [  2.69225051e+01   7.67423583e+00   3.46054571e-01]
 [  2.68375539e+01   9.64790456e+00   6.19938467e-01]
 [  2.89708690e+01  -5.21087536e+00  -6.03973526e-01]
 [  2.70025271e+01  -7.87188338e+00  -4.27360615e-01]
 [  2.90759696e+01  -5.04763131e+00  -3.99098807e-01]
 [  3.06356880e+01   2.28890845e+00   1.27841366e-01]
 [  3.03566286e+01   3.75362536e+00   5.81172599e-01]
 [  2.99239633e+01   2.53367872e+00   7.84590799e-02]
 [  2.96137261e+01  -4.83187016e+00  -2.03548762e-01]
 [  2.63677638e+01   1.22062504e+01   5.18780032e-01]
 [  2.97843290e+01   5.53402677e+00   3.24813801e-01]
 [  2.97463818e+01  -4.68054179e+00  -7.28268797e-01]
 [  2.99868301e+01   2.46558273e-01  -4.34363664e-01]
 [  2.92544380e+01  -3.92320833e+00  -4.57665631e-01]
 [  2.69201383e+01   9.83212061e+00   5.28430868e-01]
 [  2.84182870e+01   6.54181106e+00   5.40431309e-01]
 [  2.99977167e+01   2.76566687e+00   8.72814865e-01]
 [  2.95570731e+01   4.08420269e+00   4.38559152e-01]
 [  2.78410828e+01   7.39240000e+00   4.65304178e-01]
 [  2.92242168e+01  -2.87552012e-01  -3.64511216e-01]
 [  3.00788015e+01  -3.13875753e+00  -3.34282865e-02]
 [  2.83914953e+01  -6.10602346e+00  -1.07280627e-01]
 [  2.92554428e+01  -3.72331755e+00  -6.36830641e-01]
 [  2.96789473e+01   1.28342640e+00   2.03180846e-02]
 [  2.86510183e+01   6.93090533e+00   1.58186958e-01]
 [  2.93497903e+01  -4.53054918e+00  -4.65987739e-01]
 [  2.85180557e+01   8.13896867e+00  -8.02311743e-02]
 [  3.03009813e+01  -3.61232539e+00  -2.83194036e-01]
 [  2.71043462e+01  -8.86077881e+00  -7.23954531e-01]
 [  3.00608665e+01  -1.66972401e+00  -5.31798313e-01]
 [  2.98319365e+01  -5.71768704e-01  -7.70945255e-02]
 [  2.95760965e+01   4.69006433e+00   6.68518546e-01]
 [  2.96529338e+01   2.01511513e+00  -3.29413595e-01]
 [  2.72097501e+01  -1.02814865e+01  -4.28713276e-01]
 [  2.97485220e+01  -1.39170262e+00  -6.32628494e-01]
 [  2.94182738e+01  -1.80905621e+00  -5.03874033e-01]
 [  2.87426642e+01  -6.50972825e+00  -2.51742449e-01]
 [  1.56177298e+01  -1.77957641e+01  -1.21216983e+00]
 [  2.97741952e+01   4.98439124e+00   4.10300674e-01]
 [  2.92526125e+01   3.71209235e+00  -5.39866494e-02]
 [  2.93438584e+01   2.04795202e+00   4.14381614e-01]
 [  2.94968156e+01   3.23801544e+00  -2.64193558e-01]
 [  3.01308042e+01   3.06042872e+00  -5.13040877e-02]
 [  2.80683799e+01   7.86654783e+00   4.20755918e-01]
 [  2.81604896e+01  -8.24089796e+00  -7.29103049e-01]
 [  2.96194353e+01  -7.37403678e-01   4.58511884e-01]
 [  2.97907812e+01   2.74564195e+00   2.94716331e-01]
 [  3.01662725e+01  -1.81269930e+00  -3.19094483e-01]
 [  2.66283304e+01  -8.73761400e+00  -1.08843907e+00]
 [  2.91106342e+01  -3.47351978e+00  -2.65886594e-01]
 [  2.76518346e+01  -1.06726613e+01  -1.55147883e-01]
 [  3.07432083e+01  -3.29353920e+00  -1.21437653e-01]
 [  2.92674685e+01  -2.07746410e+00  -2.22924527e-01]
 [  2.91094025e+01   5.31857072e+00   5.05114095e-02]
 [  2.89188470e+01  -3.78383462e+00  -9.35282795e-01]
 [  3.02468097e+01  -4.07418161e+00   7.36985162e-01]
 [  2.99860676e+01   4.11892291e+00   5.95211172e-01]
 [  2.98457550e+01  -4.98029071e+00  -8.83026193e-01]
 [  2.44537367e+01  -1.01062490e+01  -1.09549945e+00]
 [  2.82221747e+01  -9.17694337e+00  -9.63098764e-01]
 [  2.88534883e+01  -3.39468305e+00   1.22283889e-01]
 [  3.00574499e+01   7.92195825e-01   4.06492241e-01]
 [  2.95762034e+01  -1.62898381e+00   2.71801214e-02]
 [  2.61503549e+01  -9.04789177e+00  -4.91128779e-01]
 [  2.86623650e+01  -6.43746632e+00  -2.18888143e-01]
 [  2.90801266e+01  -5.38670347e+00  -5.09073346e-01]
 [  2.94044474e+01  -7.25933942e-01  -2.29601435e-01]
 [  2.82694168e+01  -6.86435688e+00  -4.73325557e-01]
 [  2.62393662e+01  -1.17192761e+01  -6.63501803e-01]
 [  2.86506540e+01  -4.96779728e+00  -3.11550231e-01]
 [  2.93111316e+01   5.51845976e+00   4.98783984e-01]
 [  2.93998517e+01  -1.72872759e+00   3.09903281e-01]
 [  3.01976769e+01  -2.58426797e-01  -2.92598999e-01]
 [  2.86398137e+01   5.18174761e+00   5.32898769e-01]
 [  2.93421322e+01   3.07763034e+00  -3.58111659e-01]
 [  2.78329356e+01  -1.00236077e+01  -3.68276957e-01]
 [  2.86930707e+01  -5.73066365e+00  -2.75352372e-01]
 [  2.83359462e+01  -5.38494290e+00  -5.13097833e-01]
 [  2.79366475e+01   7.94099414e+00   6.44561760e-01]]
[[  3.88387715e+01  -1.24578390e+00   5.17900929e-02]
 [  4.03230023e+01  -7.01869754e-01  -4.40354187e-01]
 [  3.46906522e+01  -1.47102423e+01  -1.02078478e+00]
 [  3.68975944e+01   1.00158998e+01   5.46801568e-01]
 [  3.88806895e+01  -1.27332340e-01  -3.60453954e-01]
 [  3.98582804e+01   6.94043435e-01   8.72373996e-02]
 [  4.05926330e+01   5.46257424e+00   4.15582522e-01]
 [  3.75987403e+01   7.98333084e+00   4.91030838e-01]
 [  4.10138984e+01  -1.17368958e+00  -6.74213733e-01]
 [  3.95258776e+01  -8.32056331e+00  -2.58515266e-01]
 [  3.99258221e+01  -1.45685602e+00   4.10872110e-01]
 [  3.98997149e+01  -9.88621327e-01  -3.96680233e-01]
 [  3.61064294e+01   1.09285290e+01   7.56127037e-01]
 [  3.89700559e+01  -7.05657742e+00  -6.39813132e-01]
 [  3.44648752e+01   1.58493889e+01   1.22272907e+00]
 [  3.81041506e+01  -7.95651430e+00  -9.76745070e-01]
 [  4.00481771e+01  -2.14381343e+00  -8.41286248e-02]
 [  3.57318609e+01   1.49427210e+01   3.60668813e-01]
 [  3.95348082e+01   3.73485831e+00  -9.59357295e-02]
 [  3.91434415e+01  -1.27781140e+00  -1.61225595e-01]
 [  3.53011219e+01   1.42244033e+01   6.08184636e-01]
 [  3.68167919e+01   1.12417571e+01   4.60673869e-01]
 [  3.46502674e+01   1.52247453e+01   8.08231382e-01]
 [  3.71338576e+01  -1.08432236e+01  -6.99876474e-01]
 [  3.59199387e+01  -1.19331432e+01   8.70059516e-02]
 [  3.83757504e+01  -8.96964032e+00  -5.33326379e-01]
 [  4.04886155e+01   3.55542744e+00  -9.85186148e-03]
 [  3.91430241e+01   9.52493118e+00   4.09724536e-01]
 [  3.97056292e+01   3.30271790e+00  -3.72774821e-01]
 [  3.89124622e+01  -6.75119713e+00  -2.96402378e-01]
 [  3.48809075e+01   1.70667707e+01   2.24012184e-01]
 [  3.89981895e+01   8.63670612e+00   6.77151017e-02]
 [  3.69045313e+01  -1.10642129e+01  -7.80113547e-01]
 [  3.94537045e+01  -4.14524912e+00  -3.36045883e-01]
 [  3.83955807e+01  -8.42563006e+00  -3.15616812e-01]
 [  3.55490508e+01   1.48697758e+01   6.05207403e-01]
 [  3.68734249e+01   1.16150296e+01   7.48601694e-01]
 [  3.60748822e+01   1.00103609e+01   1.04805832e+00]
 [  3.83428548e+01   8.20492346e+00   5.69499993e-01]
 [  3.63723297e+01   1.16757039e+01   9.56538566e-01]
 [  3.88003521e+01  -3.94144142e+00  -1.81701580e-01]
 [  3.99868512e+01  -3.47009008e+00  -9.29008450e-02]
 [  3.79722640e+01  -7.13781571e+00  -6.59543320e-01]
 [  3.69638759e+01  -9.42469913e+00  -1.15940198e+00]
 [  4.00748868e+01   1.49468105e+00  -2.14547332e-02]
 [  3.83827191e+01   8.48330375e+00   2.36925192e-01]
 [  3.81750459e+01  -8.96902257e+00  -2.57139595e-02]
 [  3.86715182e+01   7.32259201e+00  -5.05139090e-01]
 [  4.00342861e+01  -6.44486949e+00   9.55904204e-02]
 [  3.44981595e+01  -1.53975666e+01  -6.40157548e-01]
 [  3.88177818e+01  -6.82172587e+00  -3.12574224e-01]
 [  3.98852090e+01  -1.34836016e+00   1.78527403e-01]
 [  3.74541891e+01   1.09125417e+01   1.72356171e-01]
 [  3.88761644e+01  -1.13802883e+00  -3.79748353e-01]
 [  3.59149869e+01  -1.42603419e+01  -8.47736057e-01]
 [  3.78222759e+01  -7.31096149e+00  -4.58990329e-01]
 [  3.78357446e+01  -6.44997321e+00   3.28259250e-02]
 [  3.85019022e+01  -9.01979261e+00  -2.23490382e-01]
 [  1.92022747e+01  -2.73587441e+01  -1.05389744e+00]
 [  3.91019832e+01   9.04187384e+00   1.38396399e-01]
 [  3.92493240e+01   3.17187847e+00  -1.79805755e-01]
 [  3.86979658e+01   6.16236081e+00   4.05139863e-01]
 [  3.92877909e+01   5.89391066e-01  -2.29276782e-01]
 [  4.00196584e+01   2.55264449e+00   1.27320757e-01]
 [  3.74343775e+01   1.20576400e+01   1.86430684e-01]
 [  3.55441046e+01  -1.48367073e+01  -7.17178716e-01]
 [  3.86509371e+01   3.72051608e+00   1.00309762e+00]
 [  3.97243608e+01   5.76104346e+00   7.44668698e-01]
 [  3.96205475e+01  -4.93624756e+00  -5.45559727e-01]
 [  3.13632865e+01  -1.77805083e+01  -1.04209861e+00]
 [  3.89899845e+01  -6.16400943e+00  -2.15108608e-01]
 [  3.72440833e+01  -1.21729354e+01  -1.61949729e-02]
 [  4.05672207e+01  -4.49244347e+00  -1.80818429e-01]
 [  3.94316714e+01  -4.38160970e+00  -4.13710810e-01]
 [  3.92879876e+01   5.83314310e+00  -1.68510476e-01]
 [  3.48134675e+01  -1.17755274e+01  -7.63873719e-01]
 [  3.73989458e+01   2.41692751e+00   5.29282556e-01]
 [  3.87201204e+01   1.00330078e+01   5.81470080e-01]
 [  3.59835130e+01  -1.24508379e+01  -5.26136419e-01]
 [  2.88221946e+01  -1.85945004e+01  -8.26311671e-01]
 [  3.36660785e+01  -1.70042987e+01  -8.72668893e-01]
 [  3.92846718e+01  -2.11272111e+00  -1.11460509e-01]
 [  3.92775406e+01   4.76114193e+00   9.17012329e-02]
 [  3.93090763e+01  -1.36437798e+00   2.67557398e-02]
 [  3.46668886e+01  -1.36028656e+01  -2.49699792e-01]
 [  3.82293867e+01  -8.56567186e+00  -3.62732650e-01]
 [  3.81959058e+01  -1.04746096e+01  -1.12145793e+00]
 [  3.90653074e+01  -2.98389901e+00  -2.32632635e-01]
 [  3.71210088e+01  -1.13977585e+01  -8.01552069e-01]
 [  3.42974484e+01  -1.80185312e+01  -1.16484158e+00]
 [  3.79658121e+01  -7.96762894e+00  -3.20505014e-01]
 [  3.80063377e+01   1.02549525e+01   6.01886806e-01]
 [  3.87991534e+01   1.28112493e+00  -3.64077044e-01]
 [  3.94973722e+01  -3.05991751e+00   1.15614946e-01]
 [  3.74036709e+01   1.03508245e+01   3.56994550e-02]
 [  3.87787723e+01  -4.54018054e-01  -6.33216061e-01]
 [  3.67050675e+01  -1.34472057e+01  -2.59320192e-01]
 [  3.80586851e+01  -8.37672206e+00  -6.90277769e-01]
 [  3.71069282e+01  -1.03268025e+01  -2.73975846e-01]
 [  3.63080985e+01   1.42334671e+01   7.50546070e-01]]
[[ 38.83877153  -1.2457839   90.540716  ]
 [ 40.32300225  -0.70186975  89.32734713]
 [ 34.69065221 -14.71024227  89.02918411]
 [ 36.8975944   10.01589977  90.77743583]
 [ 38.88068952  -0.12733234  89.67813088]
 [ 39.85828037   0.69404343  90.1692319 ]
 [ 40.59263295   5.46257424  90.06692252]
 [ 37.59874025   7.98333084  90.30966212]
 [ 41.01389838  -1.17368958  89.33536124]
 [ 39.52587764  -8.32056331  89.79096167]
 [ 39.92582214  -1.45685602  90.49846493]
 [ 39.89971487  -0.98862133  89.53406616]
 [ 36.10642935  10.92852903  90.91614784]
 [ 38.97005594  -7.05657742  88.61672116]
 [ 34.46487518  15.84938892  91.69349162]
 [ 38.10415059  -7.9565143   88.68431194]
 [ 40.04817713  -2.14381343  90.5660923 ]
 [ 35.73186089  14.94272098  90.28564425]
 [ 39.53480818   3.73485831  90.03810662]
 [ 39.1434415   -1.2778114   90.26273729]
 [ 35.3011219   14.22440331  90.40318839]
 [ 36.81679188  11.2417571   90.32055454]
 [ 34.65026736  15.22474534  90.53427754]
 [ 37.13385758 -10.84322361  89.78619426]
 [ 35.91993866 -11.9331432   90.32920835]
 [ 38.37575042  -8.96964032  89.33738002]
 [ 40.48861551   3.55542744  89.81059243]
 [ 39.14302407   9.52493118  90.79147817]
 [ 39.70562916   3.3027179   89.41456841]
 [ 38.91246216  -6.75119713  90.15549953]
 [ 34.8809075   17.06677065  90.22975492]
 [ 38.99818952   8.63670612  89.89046876]
 [ 36.90453129 -11.06421286  88.604244  ]
 [ 39.45370449  -4.14524912  89.64281509]
 [ 38.39558071  -8.42563006  89.8792488 ]
 [ 35.54905079  14.86977579  90.57869828]
 [ 36.87342489  11.61502956  90.72211093]
 [ 36.07488215  10.01036085  90.59288807]
 [ 38.34285476   8.20492346  90.30195806]
 [ 36.37232975  11.6757039   90.90325587]
 [ 38.80035206  -3.94144142  89.9353892 ]
 [ 39.98685118  -3.47009008  90.33268748]
 [ 37.972264    -7.13781571  89.44865997]
 [ 36.96387587  -9.42469913  89.50197092]
 [ 40.07488677   1.49468105  89.8268651 ]
 [ 38.38271914   8.48330375  90.42086264]
 [ 38.17504588  -8.96902257  90.15708566]
 [ 38.67151819   7.32259201  89.0561497 ]
 [ 40.0342861   -6.44486949  89.57255721]
 [ 34.49815951 -15.39756658  89.82806099]
 [ 38.81778183  -6.82172587  89.14666132]
 [ 39.88520902  -1.34836016  89.96801807]
 [ 37.45418908  10.91254175  90.36752466]
 [ 38.87616442  -1.13802883  88.82940119]
 [ 35.91498688 -14.26034192  89.04954078]
 [ 37.82227587  -7.31096149  89.6867364 ]
 [ 37.83574456  -6.44997321  90.1627782 ]
 [ 38.5019022   -9.01979261  89.55683602]
 [ 19.20227472 -27.35874406  89.17469677]
 [ 39.10198317   9.04187384  90.51196863]
 [ 39.24932399   3.17187847  89.40165751]
 [ 38.69796584   6.16236081  90.6266793 ]
 [ 39.28779095   0.58939107  89.72546394]
 [ 40.01965844   2.55264449  89.78912159]
 [ 37.4343775   12.05763997  90.17441711]
 [ 35.54410464 -14.83670734  88.94840789]
 [ 38.65093705   3.72051608  91.44473207]
 [ 39.72436084   5.76104346  90.09227853]
 [ 39.62054753  -4.93624756  89.66721758]
 [ 31.36328645 -17.78050831  88.92336085]
 [ 38.98998454  -6.16400943  89.88777753]
 [ 37.24408327 -12.17293536  89.91977002]
 [ 40.56722066  -4.49244347  90.39242426]
 [ 39.43167136  -4.3816097   90.07834952]
 [ 39.28798762   5.8331431   90.0061735 ]
 [ 34.81346748 -11.77552743  89.14954704]
 [ 37.39894582   2.41692751  90.4429533 ]
 [ 38.72012045  10.03300782  90.85352544]
 [ 35.98351302 -12.45083786  88.76612371]
 [ 28.82219464 -18.59450037  89.13730064]
 [ 33.66607853 -17.00429873  88.86482558]
 [ 39.28467183  -2.11272111  90.42454113]
 [ 39.27754059   4.76114193  89.84476294]
 [ 39.30907628  -1.36437798  89.88015205]
 [ 34.66688856 -13.60286561  89.41162588]
 [ 38.22938667  -8.56567186  89.48446862]
 [ 38.19590575 -10.4746096   88.99919827]
 [ 39.06530745  -2.98389901  89.53604238]
 [ 37.12100878 -11.39775851  90.18630062]
 [ 34.29744838 -18.01853118  89.39242813]
 [ 37.96581206  -7.96762894  89.70269093]
 [ 38.00633774  10.25495252  91.09937029]
 [ 38.79915335   1.28112493  89.75477461]
 [ 39.49737223  -3.05991751  90.08918176]
 [ 37.40367087  10.3508245   89.86179829]
 [ 38.77877225  -0.45401805  89.19508883]
 [ 36.70506754 -13.44720572  89.8659019 ]
 [ 38.05868511  -8.37672206  88.93322856]
 [ 37.10692818 -10.32680254  89.8668584 ]
 [ 36.30809846  14.23346712  90.7049958 ]]
[[ 30.38516851   4.11884921  90.45582127]
 [ 42.41204873   9.1942324   89.51926409]
 [ 39.43067472  -6.16024599  88.86266179]
 [ 27.51411446  13.21688685  90.37195591]
 [ 37.45599357   9.78582661  89.80028824]
 [ 33.8519514    8.86575712  90.31208068]
 [ 35.50832702  14.10969639  90.26498292]
 [ 30.73982418  14.99660463  90.10084653]
 [ 42.88255039   8.04326885  89.49447699]
 [ 36.88913925   1.77087434  90.35232797]
 [ 31.56512431   4.35828951  90.72329873]
 [ 39.91337011   9.32134225  89.3080367 ]
 [ 26.20595902  12.83298743  91.12024065]
 [ 46.69061643  -1.16142123  88.58776218]
 [ 26.45084685  10.51477883  91.72865418]
 [ 45.85486738  -1.16248048  88.89513732]
 [ 31.87836278   2.75446655  90.89978516]
 [ 28.7950823   22.38505501  90.5888107 ]
 [ 34.82593697  12.29902227  90.31212142]
 [ 32.27894528   6.43380168  90.49804937]
 [ 27.54062663  20.80085864  90.68303107]
 [ 29.30556603  18.75650275  90.28774437]
 [ 26.17339595  20.68101698  90.7262053 ]
 [ 34.58819973  -0.90693778  89.41407859]
 [ 28.82563493  -4.95730665  90.35071972]
 [ 40.3484151    0.86223465  89.5590986 ]
 [ 37.70188686  13.42461768  89.64849242]
 [ 29.68510613  12.60374207  90.38779066]
 [ 40.8760242   12.94245478  90.01012251]
 [ 33.4205863    0.93971488  89.90392695]
 [ 28.60572179  24.60272228  90.53922763]
 [ 35.61121241  17.77109637  89.79127911]
 [ 45.05065023  -5.00350458  88.5779098 ]
 [ 38.44098586   5.24572218  89.62384374]
 [ 35.13489238   0.68030693  89.64487361]
 [ 27.41391122  19.60888918  90.12204625]
 [ 27.81844492  15.27457006  90.30607786]
 [ 27.61977326  14.77648699  90.82519845]
 [ 31.06889096  15.7581266   90.37614579]
 [ 26.36741876  13.7343483   91.0033475 ]
 [ 34.76209892   5.60996343  90.12970783]
 [ 32.69810237   3.64723723  89.77720206]
 [ 38.84885576   2.94388665  89.63247097]
 [ 37.29633448   0.51957747  89.83732544]
 [ 37.13709781  11.28668196  89.67489713]
 [ 30.52943263  14.90340948  90.75402927]
 [ 32.04947235  -0.41937687  89.98751971]
 [ 43.27103407  16.17383331  89.32598637]
 [ 39.66226386   3.56010973  89.49975715]
 [ 31.59497559  -5.76278504  90.30461761]
 [ 42.5322458    2.2474474   88.57814666]
 [ 35.62475624   7.87729409  89.70655232]
 [ 29.75564711  17.92313842  90.53843945]
 [ 45.32181801   6.42215407  88.67813816]
 [ 40.57433373  -5.4369746   89.26203503]
 [ 36.27186345   2.85487662  90.46104996]
 [ 31.74921733   1.94383452  90.809481  ]
 [ 38.28747516   0.97742209  89.54018755]
 [ 22.66793957 -18.17075694  89.29069563]
 [ 30.5645783   14.81044813  90.22509312]
 [ 40.63021625  13.43597966  88.79011981]
 [ 29.91868333  10.72745795  90.62667347]
 [ 37.34604074  10.68186508  89.61645531]
 [ 37.54483761  12.09614781  89.54057817]
 [ 31.41192235  20.16288614  90.12982501]
 [ 41.03670656  -6.57957095  89.25334438]
 [ 29.42043945   0.47045064  91.49762875]
 [ 34.31877543  14.4430049   90.51918473]
 [ 38.34239677   4.70319294  89.45409325]
 [ 37.3815365   -9.20682412  88.80183914]
 [ 35.43261383   3.50970384  89.37737726]
 [ 33.42971481  -2.74309269  89.93873374]
 [ 32.81982012   2.21752165  90.34266033]
 [ 34.30958721   4.10626665  90.44258125]
 [ 34.75829111  14.73320436  89.7800944 ]
 [ 38.94752336  -1.59824916  89.23872611]
 [ 29.50543689   8.5841211   90.94353449]
 [ 29.13123572  12.50865549  91.04934732]
 [ 43.16329195  -5.03560269  88.96521626]
 [ 32.82903857  -9.06672739  89.11441914]
 [ 39.6769985   -9.42598966  88.90145161]
 [ 31.43405887   4.25716484  90.38515755]
 [ 36.24313006  14.25448693  89.60136111]
 [ 36.00756199   7.82939833  89.45149071]
 [ 35.87192974  -3.91608389  90.07198768]
 [ 38.74195578   1.49139343  89.4426694 ]
 [ 43.36777088  -1.77165739  88.93212219]
 [ 39.05857301   7.34885107  89.14866195]
 [ 31.13231667  -3.534881    90.4033293 ]
 [ 35.74834911  -7.93894659  89.52221507]
 [ 36.37865867   1.43054803  89.59951142]
 [ 28.38761651  10.32052113  91.4865187 ]
 [ 36.63416827  10.99076755  89.42817539]
 [ 34.61819503   4.83093173  89.95439121]
 [ 34.12134637  20.0470418   89.96519245]
 [ 41.96964442   8.55779822  88.90249622]
 [ 33.38256607  -3.76332909  89.96868293]
 [ 43.52056755  -0.43003352  89.66845999]
 [ 33.850577    -0.86522199  90.00319982]
 [ 26.98045599  18.1902344   90.36030614]]
[[  2.23634542e+01   1.02216217e+01   9.02270037e+01]
 [  4.25636875e+01   1.85964774e+01   8.94167953e+01]
 [  4.56726260e+01   1.67445789e+00   8.84524131e+01]
 [  1.99581934e+01   2.00366053e+01   9.04932573e+01]
 [  3.48399718e+01   1.94293419e+01   8.98967060e+01]
 [  2.69359115e+01   1.59033096e+01   8.97761310e+01]
 [  2.91352125e+01   2.12369964e+01   9.00796820e+01]
 [  2.54628019e+01   2.33124268e+01   8.97838863e+01]
 [  4.32883759e+01   1.79568111e+01   8.93023778e+01]
 [  2.94774721e+01   8.72917420e+00   9.05636812e+01]
 [  2.22746745e+01   8.10016289e+00   9.07970764e+01]
 [  4.21386283e+01   1.89397574e+01   8.88947044e+01]
 [  1.61794403e+01   1.26920685e+01   9.08683992e+01]
 [  5.51516084e+01   4.91951317e+00   8.84105943e+01]
 [  1.86125833e+01   4.88972525e+00   9.15217870e+01]
 [  5.17350792e+01   6.73108228e+00   8.91026590e+01]
 [  2.20039273e+01   4.82201178e+00   9.06134701e+01]
 [  1.99921246e+01   2.73946701e+01   9.04371774e+01]
 [  2.79888440e+01   1.92556737e+01   8.95419558e+01]
 [  2.38441135e+01   1.23057122e+01   9.08340126e+01]
 [  1.85494276e+01   2.48501634e+01   9.08868980e+01]
 [  2.22323377e+01   2.63133494e+01   8.96714505e+01]
 [  1.64006065e+01   2.45841855e+01   9.06867585e+01]
 [  3.58417148e+01   9.37530567e+00   8.94274888e+01]
 [  2.14940199e+01   1.94805516e+00   9.05752309e+01]
 [  4.01123969e+01   1.08155953e+01   8.93948778e+01]
 [  3.65389918e+01   2.36625835e+01   9.05961941e+01]
 [  2.20699207e+01   1.92612000e+01   9.08496217e+01]
 [  3.65629217e+01   2.13347966e+01   9.02892324e+01]
 [  2.99744773e+01   9.86329140e+00   9.00545481e+01]
 [  2.02532162e+01   2.99206538e+01   9.10835330e+01]
 [  3.32028617e+01   2.69764906e+01   8.97186670e+01]
 [  5.31462713e+01   6.94723111e-01   8.91804057e+01]
 [  3.75295293e+01   1.55232378e+01   8.95285503e+01]
 [  3.39920907e+01   1.10767351e+01   8.92369296e+01]
 [  2.20238905e+01   2.77175640e+01   9.02965572e+01]
 [  2.08675516e+01   2.24330402e+01   9.02883808e+01]
 [  1.81664663e+01   1.75049465e+01   9.03494471e+01]
 [  2.38662399e+01   2.22044393e+01   9.03155722e+01]
 [  1.60897675e+01   1.47950383e+01   9.07458836e+01]
 [  2.93633013e+01   1.35984014e+01   9.03323040e+01]
 [  3.02756859e+01   1.34690072e+01   9.03108901e+01]
 [  3.78787797e+01   1.29049821e+01   8.98978038e+01]
 [  3.44244160e+01   9.74047826e+00   8.98352965e+01]
 [  3.57215686e+01   2.13674605e+01   8.95736292e+01]
 [  2.08671334e+01   1.84540688e+01   9.05449337e+01]
 [  2.73137016e+01   9.33135423e+00   9.00722256e+01]
 [  4.53601154e+01   2.60038921e+01   8.97947341e+01]
 [  3.99986277e+01   1.29956612e+01   8.97274510e+01]
 [  2.46259572e+01   1.43535296e+00   9.03612194e+01]
 [  5.09586523e+01   8.18148878e+00   8.83612725e+01]
 [  3.38617835e+01   1.80765553e+01   8.96049219e+01]
 [  2.15379748e+01   2.31643305e+01   9.01677863e+01]
 [  5.29933773e+01   1.30634961e+01   8.91259372e+01]
 [  4.34020918e+01   4.64868548e+00   8.94173709e+01]
 [  2.83465146e+01   8.81917095e+00   8.99187842e+01]
 [  2.26472525e+01   4.72658420e+00   9.10464957e+01]
 [  3.82367217e+01   1.15577472e+01   8.92198525e+01]
 [  2.52364004e+01  -7.88451375e+00   8.90083472e+01]
 [  2.42617271e+01   2.24517861e+01   9.02350237e+01]
 [  4.74032397e+01   2.07756107e+01   8.87678756e+01]
 [  2.12097294e+01   1.52560498e+01   9.03035588e+01]
 [  3.65677343e+01   2.02618787e+01   9.00516408e+01]
 [  3.74916090e+01   2.23569125e+01   8.95899216e+01]
 [  2.57035800e+01   2.86072152e+01   9.06029606e+01]
 [  4.38420507e+01   3.10167177e+00   8.91891498e+01]
 [  2.03476756e+01  -3.27425400e+00   9.11821352e+01]
 [  2.60734781e+01   1.99279634e+01   9.07319588e+01]
 [  3.91654891e+01   1.48053413e+01   8.93669609e+01]
 [  4.38045254e+01  -2.08073018e+00   8.88505299e+01]
 [  3.69532748e+01   1.30530976e+01   8.97916782e+01]
 [  2.94593747e+01   6.56080328e+00   8.99496447e+01]
 [  2.56232081e+01   9.10602136e+00   8.99121315e+01]
 [  2.65076988e+01   1.02065532e+01   9.02489582e+01]
 [  3.23334746e+01   2.44438144e+01   8.93511984e+01]
 [  4.19819605e+01   8.32841929e+00   8.92436961e+01]
 [  1.99266857e+01   1.01560150e+01   9.11300528e+01]
 [  1.93108244e+01   1.30674459e+01   9.12591647e+01]
 [  4.88104266e+01   3.77133147e+00   8.88674252e+01]
 [  3.69009212e+01   2.76091964e-02   8.86183030e+01]
 [  4.55680012e+01  -1.41282073e+00   8.90348747e+01]
 [  2.35499908e+01   1.11863999e+01   9.01451073e+01]
 [  3.55859817e+01   2.42012807e+01   8.97614006e+01]
 [  3.68311299e+01   1.76224300e+01   8.94411333e+01]
 [  3.08039174e+01   4.60425684e+00   8.98932175e+01]
 [  3.96979544e+01   1.17722905e+01   8.88088908e+01]
 [  4.91479389e+01   6.61821613e+00   8.82624836e+01]
 [  4.30297845e+01   1.71004736e+01   8.90464039e+01]
 [  2.36588354e+01   2.79654174e+00   9.01776044e+01]
 [  3.58778800e+01   1.89163430e+00   8.96696940e+01]
 [  3.57269779e+01   1.15799468e+01   8.99752274e+01]
 [  1.92760548e+01   6.67774202e+00   9.17620299e+01]
 [  3.77244147e+01   2.11205381e+01   8.94300984e+01]
 [  3.06992542e+01   1.36301379e+01   9.00210316e+01]
 [  3.00295589e+01   2.89736460e+01   8.93337021e+01]
 [  4.78977024e+01   1.66390466e+01   8.84191283e+01]
 [  2.92835651e+01   5.09723295e+00   8.94265393e+01]
 [  4.21739186e+01   9.63006522e+00   8.91002504e+01]
 [  2.94112296e+01   7.92186111e+00   8.98393240e+01]
 [  1.95581255e+01   2.50479609e+01   9.00326154e+01]]
